# JRE version: OpenJDK Runtime Environment (11.0.10) (build 11.0.10+0-b96-7249189)
# Java VM: OpenJDK 64-Bit Server VM (11.0.10+0-b96-7249189, mixed mode, tiered, compressed oops, g1 gc, windows-amd64)
Heap:
 garbage-first heap   total 749568K, used 315392K [0x0000000080000000, 0x0000000100000000)
  region size 1024K, 5 young (5120K), 5 survivors (5120K)
 Metaspace       used 129345K, capacity 132630K, committed 132820K, reserved 1165312K
  class space    used 15705K, capacity 16802K, committed 16896K, reserved 1048576K
GC Heap History (20 events):
Event: 4989.321 GC heap after
{Heap after GC invocations=62 (full 0):
 garbage-first heap   total 273408K, used 138295K [0x0000000080000000, 0x0000000100000000)
  region size 1024K, 4 young (4096K), 4 survivors (4096K)
 Metaspace       used 127991K, capacity 131197K, committed 131412K, reserved 1165312K
  class space    used 15589K, capacity 16711K, committed 16768K, reserved 1048576K
}
Event: 4989.945 GC heap before
{Heap before GC invocations=63 (full 0):
 garbage-first heap   total 273408K, used 177207K [0x0000000080000000, 0x0000000100000000)
  region size 1024K, 44 young (45056K), 4 survivors (4096K)
 Metaspace       used 128538K, capacity 131797K, committed 131924K, reserved 1165312K
  class space    used 15651K, capacity 16753K, committed 16768K, reserved 1048576K
}
Event: 4989.952 GC heap after
{Heap after GC invocations=64 (full 0):
 garbage-first heap   total 273408K, used 141153K [0x0000000080000000, 0x0000000100000000)
  region size 1024K, 7 young (7168K), 7 survivors (7168K)
 Metaspace       used 128538K, capacity 131797K, committed 131924K, reserved 1165312K
  class space    used 15651K, capacity 16753K, committed 16768K, reserved 1048576K
}
Event: 4990.378 GC heap before
{Heap before GC invocations=65 (full 0):
 garbage-first heap   total 273408K, used 179041K [0x0000000080000000, 0x0000000100000000)
  region size 1024K, 33 young (33792K), 7 survivors (7168K)
 Metaspace       used 129026K, capacity 132274K, committed 132564K, reserved 1165312K
  class space    used 15702K, capacity 16802K, committed 16896K, reserved 1048576K
}
Event: 4990.411 GC heap after
{Heap after GC invocations=66 (full 0):
 garbage-first heap   total 273408K, used 167081K [0x0000000080000000, 0x0000000100000000)
  region size 1024K, 10 young (10240K), 10 survivors (10240K)
 Metaspace       used 129026K, capacity 132274K, committed 132564K, reserved 1165312K
  class space    used 15702K, capacity 16802K, committed 16896K, reserved 1048576K
}
Event: 4990.654 GC heap before
{Heap before GC invocations=66 (full 0):
 garbage-first heap   total 273408K, used 265385K [0x0000000080000000, 0x0000000100000000)
  region size 1024K, 60 young (61440K), 10 survivors (10240K)
 Metaspace       used 129090K, capacity 132280K, committed 132564K, reserved 1165312K
  class space    used 15702K, capacity 16802K, committed 16896K, reserved 1048576K
}
Event: 4990.691 GC heap after
{Heap after GC invocations=67 (full 0):
 garbage-first heap   total 297984K, used 213487K [0x0000000080000000, 0x0000000100000000)
  region size 1024K, 8 young (8192K), 8 survivors (8192K)
 Metaspace       used 129090K, capacity 132280K, committed 132564K, reserved 1165312K
  class space    used 15702K, capacity 16802K, committed 16896K, reserved 1048576K
}
Event: 4990.913 GC heap before
{Heap before GC invocations=68 (full 0):
 garbage-first heap   total 297984K, used 226799K [0x0000000080000000, 0x0000000100000000)
  region size 1024K, 21 young (21504K), 8 survivors (8192K)
 Metaspace       used 129111K, capacity 132347K, committed 132564K, reserved 1165312K
  class space    used 15702K, capacity 16802K, committed 16896K, reserved 1048576K
}
Event: 4990.933 GC heap after
{Heap after GC invocations=69 (full 0):
 garbage-first heap   total 297984K, used 220540K [0x0000000080000000, 0x0000000100000000)
  region size 1024K, 5 young (5120K), 5 survivors (5120K)
 Metaspace       used 129111K, capacity 132347K, committed 132564K, reserved 1165312K
  class space    used 15702K, capacity 16802K, committed 16896K, reserved 1048576K
}
Event: 4991.150 GC heap before
{Heap before GC invocations=69 (full 0):
 garbage-first heap   total 297984K, used 242044K [0x0000000080000000, 0x0000000100000000)
  region size 1024K, 26 young (26624K), 5 survivors (5120K)
 Metaspace       used 129141K, capacity 132414K, committed 132564K, reserved 1165312K
  class space    used 15702K, capacity 16802K, committed 16896K, reserved 1048576K
}
Event: 4991.170 GC heap after
{Heap after GC invocations=70 (full 0):
 garbage-first heap   total 297984K, used 229632K [0x0000000080000000, 0x0000000100000000)
  region size 1024K, 4 young (4096K), 4 survivors (4096K)
 Metaspace       used 129141K, capacity 132414K, committed 132564K, reserved 1165312K
  class space    used 15702K, capacity 16802K, committed 16896K, reserved 1048576K
}
Event: 4991.359 GC heap before
{Heap before GC invocations=70 (full 0):
 garbage-first heap   total 297984K, used 250112K [0x0000000080000000, 0x0000000100000000)
  region size 1024K, 21 young (21504K), 4 survivors (4096K)
 Metaspace       used 129153K, capacity 132417K, committed 132564K, reserved 1165312K
  class space    used 15702K, capacity 16802K, committed 16896K, reserved 1048576K
}
Event: 4991.394 GC heap after
{Heap after GC invocations=71 (full 0):
 garbage-first heap   total 412672K, used 241396K [0x0000000080000000, 0x0000000100000000)
  region size 1024K, 3 young (3072K), 3 survivors (3072K)
 Metaspace       used 129153K, capacity 132417K, committed 132564K, reserved 1165312K
  class space    used 15702K, capacity 16802K, committed 16896K, reserved 1048576K
}
Event: 4992.259 GC heap before
{Heap before GC invocations=72 (full 0):
 garbage-first heap   total 412672K, used 297716K [0x0000000080000000, 0x0000000100000000)
  region size 1024K, 58 young (59392K), 3 survivors (3072K)
 Metaspace       used 129334K, capacity 132566K, committed 132820K, reserved 1165312K
  class space    used 15704K, capacity 16802K, committed 16896K, reserved 1048576K
}
Event: 4992.337 GC heap after
{Heap after GC invocations=73 (full 0):
 garbage-first heap   total 412672K, used 269055K [0x0000000080000000, 0x0000000100000000)
  region size 1024K, 8 young (8192K), 8 survivors (8192K)
 Metaspace       used 129334K, capacity 132566K, committed 132820K, reserved 1165312K
  class space    used 15704K, capacity 16802K, committed 16896K, reserved 1048576K
}
Event: 4992.405 GC heap before
{Heap before GC invocations=73 (full 0):
 garbage-first heap   total 412672K, used 281343K [0x0000000080000000, 0x0000000100000000)
  region size 1024K, 20 young (20480K), 8 survivors (8192K)
 Metaspace       used 129336K, capacity 132566K, committed 132820K, reserved 1165312K
  class space    used 15704K, capacity 16802K, committed 16896K, reserved 1048576K
}
Event: 4992.439 GC heap after
{Heap after GC invocations=74 (full 0):
 garbage-first heap   total 412672K, used 273920K [0x0000000080000000, 0x0000000100000000)
  region size 1024K, 3 young (3072K), 3 survivors (3072K)
 Metaspace       used 129336K, capacity 132566K, committed 132820K, reserved 1165312K
  class space    used 15704K, capacity 16802K, committed 16896K, reserved 1048576K
}
Event: 4992.697 GC heap before
{Heap before GC invocations=74 (full 0):
 garbage-first heap   total 412672K, used 315904K [0x0000000080000000, 0x0000000100000000)
  region size 1024K, 44 young (45056K), 3 survivors (3072K)
 Metaspace       used 129342K, capacity 132566K, committed 132820K, reserved 1165312K
  class space    used 15705K, capacity 16802K, committed 16896K, reserved 1048576K
}
Event: 4992.728 GC heap after
{Heap after GC invocations=75 (full 0):
 garbage-first heap   total 412672K, used 297472K [0x0000000080000000, 0x0000000100000000)
  region size 1024K, 6 young (6144K), 6 survivors (6144K)
 Metaspace       used 129342K, capacity 132566K, committed 132820K, reserved 1165312K
  class space    used 15705K, capacity 16802K, committed 16896K, reserved 1048576K
}
Event: 4993.159 GC heap before
{Heap before GC invocations=75 (full 0):
 garbage-first heap   total 412672K, used 328192K [0x0000000080000000, 0x0000000100000000)
  region size 1024K, 37 young (37888K), 6 survivors (6144K)
 Metaspace       used 129345K, capacity 132630K, committed 132820K, reserved 1165312K
  class space    used 15705K, capacity 16802K, committed 16896K, reserved 1048576K
}

