# JRE version: OpenJDK Runtime Environment (11.0.10) (build 11.0.10+0-b96-7249189)
# Java VM: OpenJDK 64-Bit Server VM (11.0.10+0-b96-7249189, mixed mode, tiered, compressed oops, g1 gc, windows-amd64)
Heap:
 garbage-first heap   total 765952K, used 312320K [0x0000000080000000, 0x0000000100000000)
  region size 1024K, 6 young (6144K), 6 survivors (6144K)
 Metaspace       used 82659K, capacity 84819K, committed 84944K, reserved 1122304K
  class space    used 10833K, capacity 11602K, committed 11648K, reserved 1048576K
GC Heap History (20 events):
Event: 18.816 GC heap after
{Heap after GC invocations=29 (full 0):
 garbage-first heap   total 227328K, used 175527K [0x0000000080000000, 0x0000000100000000)
  region size 1024K, 3 young (3072K), 3 survivors (3072K)
 Metaspace       used 78803K, capacity 80810K, committed 80976K, reserved 1120256K
  class space    used 10238K, capacity 10964K, committed 11008K, reserved 1048576K
}
Event: 18.926 GC heap before
{Heap before GC invocations=29 (full 0):
 garbage-first heap   total 227328K, used 192935K [0x0000000080000000, 0x0000000100000000)
  region size 1024K, 17 young (17408K), 3 survivors (3072K)
 Metaspace       used 78804K, capacity 80810K, committed 80976K, reserved 1120256K
  class space    used 10238K, capacity 10964K, committed 11008K, reserved 1048576K
}
Event: 18.953 GC heap after
{Heap after GC invocations=30 (full 0):
 garbage-first heap   total 227328K, used 186735K [0x0000000080000000, 0x0000000100000000)
  region size 1024K, 3 young (3072K), 3 survivors (3072K)
 Metaspace       used 78804K, capacity 80810K, committed 80976K, reserved 1120256K
  class space    used 10238K, capacity 10964K, committed 11008K, reserved 1048576K
}
Event: 19.011 GC heap before
{Heap before GC invocations=30 (full 0):
 garbage-first heap   total 227328K, used 193903K [0x0000000080000000, 0x0000000100000000)
  region size 1024K, 11 young (11264K), 3 survivors (3072K)
 Metaspace       used 78847K, capacity 80941K, committed 81232K, reserved 1120256K
  class space    used 10243K, capacity 10965K, committed 11008K, reserved 1048576K
}
Event: 19.029 GC heap after
{Heap after GC invocations=31 (full 0):
 garbage-first heap   total 273408K, used 190464K [0x0000000080000000, 0x0000000100000000)
  region size 1024K, 2 young (2048K), 2 survivors (2048K)
 Metaspace       used 78847K, capacity 80941K, committed 81232K, reserved 1120256K
  class space    used 10243K, capacity 10965K, committed 11008K, reserved 1048576K
}
Event: 19.453 GC heap before
{Heap before GC invocations=32 (full 0):
 garbage-first heap   total 273408K, used 215040K [0x0000000080000000, 0x0000000100000000)
  region size 1024K, 26 young (26624K), 2 survivors (2048K)
 Metaspace       used 80663K, capacity 82708K, committed 82896K, reserved 1120256K
  class space    used 10579K, capacity 11317K, committed 11392K, reserved 1048576K
}
Event: 19.473 GC heap after
{Heap after GC invocations=33 (full 0):
 garbage-first heap   total 273408K, used 201161K [0x0000000080000000, 0x0000000100000000)
  region size 1024K, 4 young (4096K), 4 survivors (4096K)
 Metaspace       used 80663K, capacity 82708K, committed 82896K, reserved 1120256K
  class space    used 10579K, capacity 11317K, committed 11392K, reserved 1048576K
}
Event: 19.557 GC heap before
{Heap before GC invocations=33 (full 0):
 garbage-first heap   total 273408K, used 219593K [0x0000000080000000, 0x0000000100000000)
  region size 1024K, 23 young (23552K), 4 survivors (4096K)
 Metaspace       used 80676K, capacity 82708K, committed 82896K, reserved 1120256K
  class space    used 10579K, capacity 11317K, committed 11392K, reserved 1048576K
}
Event: 19.579 GC heap after
{Heap after GC invocations=34 (full 0):
 garbage-first heap   total 273408K, used 212688K [0x0000000080000000, 0x0000000100000000)
  region size 1024K, 3 young (3072K), 3 survivors (3072K)
 Metaspace       used 80676K, capacity 82708K, committed 82896K, reserved 1120256K
  class space    used 10579K, capacity 11317K, committed 11392K, reserved 1048576K
}
Event: 19.791 GC heap before
{Heap before GC invocations=34 (full 0):
 garbage-first heap   total 273408K, used 227024K [0x0000000080000000, 0x0000000100000000)
  region size 1024K, 17 young (17408K), 3 survivors (3072K)
 Metaspace       used 80714K, capacity 82775K, committed 82896K, reserved 1120256K
  class space    used 10579K, capacity 11317K, committed 11392K, reserved 1048576K
}
Event: 19.808 GC heap after
{Heap after GC invocations=35 (full 0):
 garbage-first heap   total 273408K, used 221184K [0x0000000080000000, 0x0000000100000000)
  region size 1024K, 3 young (3072K), 3 survivors (3072K)
 Metaspace       used 80714K, capacity 82775K, committed 82896K, reserved 1120256K
  class space    used 10579K, capacity 11317K, committed 11392K, reserved 1048576K
}
Event: 19.931 GC heap before
{Heap before GC invocations=35 (full 0):
 garbage-first heap   total 273408K, used 231424K [0x0000000080000000, 0x0000000100000000)
  region size 1024K, 13 young (13312K), 3 survivors (3072K)
 Metaspace       used 80716K, capacity 82775K, committed 82896K, reserved 1120256K
  class space    used 10579K, capacity 11317K, committed 11392K, reserved 1048576K
}
Event: 19.950 GC heap after
{Heap after GC invocations=36 (full 0):
 garbage-first heap   total 432128K, used 227753K [0x0000000080000000, 0x0000000100000000)
  region size 1024K, 2 young (2048K), 2 survivors (2048K)
 Metaspace       used 80716K, capacity 82775K, committed 82896K, reserved 1120256K
  class space    used 10579K, capacity 11317K, committed 11392K, reserved 1048576K
}
Event: 20.375 GC heap before
{Heap before GC invocations=37 (full 0):
 garbage-first heap   total 432128K, used 283049K [0x0000000080000000, 0x0000000100000000)
  region size 1024K, 58 young (59392K), 2 survivors (2048K)
 Metaspace       used 80718K, capacity 82775K, committed 82896K, reserved 1120256K
  class space    used 10579K, capacity 11317K, committed 11392K, reserved 1048576K
}
Event: 20.416 GC heap after
{Heap after GC invocations=38 (full 0):
 garbage-first heap   total 432128K, used 257372K [0x0000000080000000, 0x0000000100000000)
  region size 1024K, 8 young (8192K), 8 survivors (8192K)
 Metaspace       used 80718K, capacity 82775K, committed 82896K, reserved 1120256K
  class space    used 10579K, capacity 11317K, committed 11392K, reserved 1048576K
}
Event: 20.675 GC heap before
{Heap before GC invocations=38 (full 0):
 garbage-first heap   total 432128K, used 306524K [0x0000000080000000, 0x0000000100000000)
  region size 1024K, 56 young (57344K), 8 survivors (8192K)
 Metaspace       used 80740K, capacity 82780K, committed 82896K, reserved 1120256K
  class space    used 10581K, capacity 11319K, committed 11392K, reserved 1048576K
}
Event: 20.718 GC heap after
{Heap after GC invocations=39 (full 0):
 garbage-first heap   total 432128K, used 285696K [0x0000000080000000, 0x0000000100000000)
  region size 1024K, 7 young (7168K), 7 survivors (7168K)
 Metaspace       used 80740K, capacity 82780K, committed 82896K, reserved 1120256K
  class space    used 10581K, capacity 11319K, committed 11392K, reserved 1048576K
}
Event: 21.515 GC heap before
{Heap before GC invocations=39 (full 0):
 garbage-first heap   total 432128K, used 324608K [0x0000000080000000, 0x0000000100000000)
  region size 1024K, 46 young (47104K), 7 survivors (7168K)
 Metaspace       used 82396K, capacity 84536K, committed 84688K, reserved 1122304K
  class space    used 10805K, capacity 11552K, committed 11648K, reserved 1048576K
}
Event: 21.552 GC heap after
{Heap after GC invocations=40 (full 0):
 garbage-first heap   total 432128K, used 301056K [0x0000000080000000, 0x0000000100000000)
  region size 1024K, 6 young (6144K), 6 survivors (6144K)
 Metaspace       used 82396K, capacity 84536K, committed 84688K, reserved 1122304K
  class space    used 10805K, capacity 11552K, committed 11648K, reserved 1048576K
}
Event: 21.988 GC heap before
{Heap before GC invocations=41 (full 0):
 garbage-first heap   total 432128K, used 336896K [0x0000000080000000, 0x0000000100000000)
  region size 1024K, 42 young (43008K), 6 survivors (6144K)
 Metaspace       used 82659K, capacity 84819K, committed 84944K, reserved 1122304K
  class space    used 10833K, capacity 11602K, committed 11648K, reserved 1048576K
}

